[2025-09-17T15:42:15] Goal: This is a goal (Status: planned)
[2025-09-17T15:53:59] Goal: This is a goal (Status: planned)
[2025-09-17T15:54:10] Goal: This is a goal (Status: planned)
[2025-09-17T15:59:51] Goal: this is a goal (Status: planned)
[2025-09-18T12:49:59] Goal: This is a goal (Status: planned)
[2025-09-18T12:50:04] Skill: This is a skill
[2025-09-18T12:50:10] Session: This is a session
[2025-09-18T12:50:16] Notes: These are notes (Mood: neutral)
[2025-09-18T12:50:26] Notes: More notes (Mood: motivated)
[2025-09-18T13:12:40] Goal: This is a goal (Status: planned)
[2025-09-18T16:05:11] Goal: This is a goal i like (Status: planned)
[2025-09-18T16:05:18] Skill: This is a skill i like
[2025-09-18T16:05:24] Session: This is a session i like
[2025-09-18T16:05:30] Notes: These are notes I like (Mood: neutral)
[2025-09-18T16:06:57] Goal: goal (Status: planned)
[2025-09-18T16:30:46] Goal: I am happy (Status: planned)
[2025-09-18T16:30:51] Notes: I am happy (Mood: motivated)
[2025-09-18T16:30:51] Notes: I am happy (Mood: motivated)
[2025-09-18T16:34:31] Goal: I am happy (Mood: motivated)
[2025-09-18T16:34:40] Skill: I need these skills (Mood: neutral)
[2025-09-18T16:34:49] Session: This will be a productive session (Mood: neutral)
[2025-09-18T16:34:57] Notes: how can I do this? (Mood: neutral)
[2025-09-18T16:44:13] Goal: this is a goal (Mood: neutral)
[2025-09-18T16:44:18] Skill: this is a skill (Mood: neutral)
[2025-09-18T16:44:22] Session: this is a session (Mood: neutral)
[2025-09-18T16:44:32] Notes: HOW CAN THIS HAPPEN!!!!!! (Mood: neutral)
[2025-09-18T16:44:45] Notes: Ok (Mood: motivated)
[2025-09-20T08:37:57] Goal: This is a goal (Mood: neutral)
[2025-09-20T08:38:02] Skill: This is a skill (Mood: neutral)
[2025-09-20T08:38:07] Session: This is a session (Mood: neutral)
[2025-09-20T08:38:15] Notes: These are notes (Mood: neutral)
